10:12:42,353  INFO DBUtil:164 - Run Query com.mysql.jdbc.JDBC4PreparedStatement@58ecb281: select count(*) as total from rep_neraca_harian_temp where dtm = '2017-04-18'
10:12:43,802  INFO DBUtil:325 - Run Query com.mysql.jdbc.JDBC4PreparedStatement@6719dc16: SELECT KODE_PERK, ID_PERK, TYPE_PERK, LEVEL_PERK,D_OR_K from rep_neraca_harian_temp  WHERE dtm = '2017-04-18' AND G_OR_D='D' AND flag ='0'
10:12:43,924  INFO Accounting:36 - Jumlah List Perkiraan_by_gord : 17
10:12:43,924  INFO Accounting:39 - List Ke 1
10:12:43,924  INFO Accounting:40 - Rep_neraca_harian_temp [tid=0, dtm=null, kode_perk=548, kode_induk=null, type_perk=BIAYA, level_perk=1, id_perk=3577675, id_induk=0, g_or_d=null, saldo_akhir1=0.0, saldo_akhir2=0.0, saldo_akhir3=0.0, saldo_akhir4=0.0, saldo_akhir5=0.0, saldo_akhir6=0.0, saldo_akhir7=0.0, saldo_akhir8=0.0, saldo_akhir9=0.0, saldo_akhir10=0.0, D_or_K=null, flag=0, flag_last_upd=null, flagDesc=null]
10:12:44,840  INFO DBUtil:237 - Run Query com.mysql.jdbc.JDBC4PreparedStatement@73901437: select sum(debet) as debet, sum(kredit) as kredit from transaksi_detail where kode_perk = '548' and master_id in (select trans_id from transaksi_master where date (tgl_trans) < '2017-04-18')
10:12:45,160  INFO Accounting:66 - Jumlah awal Deb : 37819209 | awal Kre : 37819209
10:12:46,009  INFO DBUtil:282 - Run Query com.mysql.jdbc.JDBC4PreparedStatement@2b20bf2c: select sum(debet) as debet,sum(kredit) as kredit from transaksi_detail where kode_perk = '548' and master_id in (select trans_id from transaksi_master where date(tgl_trans) = '2017-04-18')
10:12:46,338  INFO Accounting:73 - Jumlah tday_Deb : 0.0 | tday_Kre : 0.0
10:12:46,338  INFO Accounting:75 - count_saldo_awal = awal_deb-awal_kre : 0(37819209-37819209)
10:12:46,338  INFO Accounting:77 - count_saldo_akhir = count_saldo_awal + tday_deb : 0(0+0)
10:12:47,707  INFO DBUtil:61 - Run Query com.mysql.jdbc.JDBC4PreparedStatement@5d5bdc50: update rep_neraca_harian_temp set saldo_akhir1 = 0.0 ,saldo_akhir2 = 0.0 ,saldo_akhir3 = 0.0 ,saldo_akhir4 = 0.0 ,flag_last_upd = '2017-04-18 10:12:47' ,flag = 1 where kode_perk = '548' and flag = 0 and dtm = '2017-04-18' 
10:12:48,574  INFO DBUtil:197 - Run Query com.mysql.jdbc.JDBC4PreparedStatement@e60e128: select ID_INDUK from rep_neraca_harian_temp where ID_PERK = '3577675' and dtm = '2017-04-18'
10:12:49,365  INFO DBUtil:371 - Run Query com.mysql.jdbc.JDBC4PreparedStatement@2f833eca: select sum(saldo_akhir1) as awal, sum(saldo_akhir2) as debet, sum(saldo_akhir3) as kredit, sum(saldo_akhir4) as akhir from rep_neraca_harian_temp where id_induk = 5 
10:12:49,429  INFO Accounting:90 - Transid 2017041820639556917196| Perkiraan
10:12:50,175  INFO DBUtil:110 - Run Query com.mysql.jdbc.JDBC4PreparedStatement@1de4f7c2: update rep_neraca_harian_temp set saldo_akhir1 = 8.133893547E+8 ,saldo_akhir2 = 0.0 ,saldo_akhir3 = 0.0 ,saldo_akhir4 = 8.133893547E+8 ,flag_last_upd = '2017-04-18 10:12:50' ,flag = 5 where ID_PERK = 0 and dtm = '2017-04-18' 
10:12:50,256  INFO Accounting:39 - List Ke 2
10:12:50,256  INFO Accounting:40 - Rep_neraca_harian_temp [tid=0, dtm=null, kode_perk=549, kode_induk=null, type_perk=BIAYA, level_perk=1, id_perk=3629249, id_induk=0, g_or_d=null, saldo_akhir1=0.0, saldo_akhir2=0.0, saldo_akhir3=0.0, saldo_akhir4=0.0, saldo_akhir5=0.0, saldo_akhir6=0.0, saldo_akhir7=0.0, saldo_akhir8=0.0, saldo_akhir9=0.0, saldo_akhir10=0.0, D_or_K=null, flag=0, flag_last_upd=null, flagDesc=null]
10:12:51,012  INFO DBUtil:237 - Run Query com.mysql.jdbc.JDBC4PreparedStatement@24f9fdc: select sum(debet) as debet, sum(kredit) as kredit from transaksi_detail where kode_perk = '549' and master_id in (select trans_id from transaksi_master where date (tgl_trans) < '2017-04-18')
10:16:56,867  INFO DBUtil:164 - Run Query com.mysql.jdbc.JDBC4PreparedStatement@9c0ec97: select count(*) as total from rep_neraca_harian_temp where dtm = '2017-04-18'
10:17:00,206  INFO DBUtil:325 - Run Query com.mysql.jdbc.JDBC4PreparedStatement@b6e39f: SELECT KODE_PERK, ID_PERK, TYPE_PERK, LEVEL_PERK,D_OR_K from rep_neraca_harian_temp  WHERE dtm = '2017-04-18' AND G_OR_D='D' AND flag ='0'
10:17:00,432  INFO Accounting:36 - Jumlah List Perkiraan_by_gord : 16
10:17:00,433  INFO Accounting:39 - List Ke 1
10:17:00,433  INFO Accounting:40 - Rep_neraca_harian_temp [tid=0, dtm=null, kode_perk=549, kode_induk=null, type_perk=BIAYA, level_perk=1, id_perk=3629249, id_induk=0, g_or_d=null, saldo_akhir1=0.0, saldo_akhir2=0.0, saldo_akhir3=0.0, saldo_akhir4=0.0, saldo_akhir5=0.0, saldo_akhir6=0.0, saldo_akhir7=0.0, saldo_akhir8=0.0, saldo_akhir9=0.0, saldo_akhir10=0.0, D_or_K=null, flag=0, flag_last_upd=null, flagDesc=null]
10:17:02,478  INFO DBUtil:237 - Run Query com.mysql.jdbc.JDBC4PreparedStatement@7e78fc6: select sum(debet) as debet, sum(kredit) as kredit from transaksi_detail where kode_perk = '549' and master_id in (select trans_id from transaksi_master where date (tgl_trans) < '2017-04-18')
10:17:02,822  INFO Accounting:66 - Jumlah awal Deb : 87685000 | awal Kre : 56360000
10:17:04,370  INFO DBUtil:282 - Run Query com.mysql.jdbc.JDBC4PreparedStatement@175093f1: select sum(debet) as debet,sum(kredit) as kredit from transaksi_detail where kode_perk = '549' and master_id in (select trans_id from transaksi_master where date(tgl_trans) = '2017-04-18')
10:17:04,744  INFO Accounting:73 - Jumlah tday_Deb : 0.0 | tday_Kre : 0.0
10:17:04,744  INFO Accounting:75 - count_saldo_awal = awal_deb-awal_kre : 31325000(87685000-56360000)
10:17:04,744  INFO Accounting:77 - count_saldo_akhir = count_saldo_awal + tday_deb : 31325000(31325000+0)
10:17:07,086  INFO DBUtil:61 - Run Query com.mysql.jdbc.JDBC4PreparedStatement@2353f67e: update rep_neraca_harian_temp set saldo_akhir1 = 3.1325E+7 ,saldo_akhir2 = 0.0 ,saldo_akhir3 = 0.0 ,saldo_akhir4 = 3.1325E+7 ,flag_last_upd = '2017-04-18 10:17:07' ,flag = 1 where kode_perk = '549' and flag = 0 and dtm = '2017-04-18' 
10:17:08,010  INFO DBUtil:197 - Run Query com.mysql.jdbc.JDBC4PreparedStatement@5c07f4ec: select ID_INDUK from rep_neraca_harian_temp where ID_PERK = '3629249' and dtm = '2017-04-18'
10:17:08,848  INFO DBUtil:371 - Run Query com.mysql.jdbc.JDBC4PreparedStatement@144aa0ce: select sum(saldo_akhir1) as awal, sum(saldo_akhir2) as debet, sum(saldo_akhir3) as kredit, sum(saldo_akhir4) as akhir from rep_neraca_harian_temp where id_induk = 5 
10:17:08,906  INFO Accounting:90 - Transid 2017041884733095618037| Perkiraan
10:17:09,683  INFO DBUtil:110 - Run Query com.mysql.jdbc.JDBC4PreparedStatement@6860991f: update rep_neraca_harian_temp set saldo_akhir1 = 8.447143547E+8 ,saldo_akhir2 = 0.0 ,saldo_akhir3 = 0.0 ,saldo_akhir4 = 8.447143547E+8 ,flag_last_upd = '2017-04-18 10:17:09' ,flag = 3629249 where ID_PERK = 0 and dtm = '2017-04-18' 
10:17:09,790  INFO Accounting:39 - List Ke 2
10:17:09,790  INFO Accounting:40 - Rep_neraca_harian_temp [tid=0, dtm=null, kode_perk=550, kode_induk=null, type_perk=BIAYA, level_perk=1, id_perk=3629519, id_induk=0, g_or_d=null, saldo_akhir1=0.0, saldo_akhir2=0.0, saldo_akhir3=0.0, saldo_akhir4=0.0, saldo_akhir5=0.0, saldo_akhir6=0.0, saldo_akhir7=0.0, saldo_akhir8=0.0, saldo_akhir9=0.0, saldo_akhir10=0.0, D_or_K=null, flag=0, flag_last_upd=null, flagDesc=null]
10:17:10,632  INFO DBUtil:237 - Run Query com.mysql.jdbc.JDBC4PreparedStatement@309cbd4b: select sum(debet) as debet, sum(kredit) as kredit from transaksi_detail where kode_perk = '550' and master_id in (select trans_id from transaksi_master where date (tgl_trans) < '2017-04-18')
10:17:10,973  INFO Accounting:66 - Jumlah awal Deb : 21667825 | awal Kre : 11122851
10:17:12,289  INFO DBUtil:282 - Run Query com.mysql.jdbc.JDBC4PreparedStatement@fcfa52: select sum(debet) as debet,sum(kredit) as kredit from transaksi_detail where kode_perk = '550' and master_id in (select trans_id from transaksi_master where date(tgl_trans) = '2017-04-18')
10:46:35,087  INFO DBUtil:164 - Run Query com.mysql.jdbc.JDBC4PreparedStatement@58ecb281: select count(*) as total from rep_neraca_harian_temp where dtm = '2017-04-18'
10:46:35,819  INFO DBUtil:325 - Run Query com.mysql.jdbc.JDBC4PreparedStatement@6719dc16: SELECT KODE_PERK, ID_PERK, TYPE_PERK, LEVEL_PERK,D_OR_K from rep_neraca_harian_temp  WHERE dtm = '2017-04-18' AND G_OR_D='D' AND flag ='0'
10:46:35,881  INFO Accounting:36 - Jumlah List Perkiraan_by_gord : 15
10:46:35,881  INFO Accounting:39 - List Ke 1
10:46:35,882  INFO Accounting:40 - Rep_neraca_harian_temp [tid=0, dtm=null, kode_perk=550, kode_induk=null, type_perk=BIAYA, level_perk=1, id_perk=3629519, id_induk=0, g_or_d=null, saldo_akhir1=0.0, saldo_akhir2=0.0, saldo_akhir3=0.0, saldo_akhir4=0.0, saldo_akhir5=0.0, saldo_akhir6=0.0, saldo_akhir7=0.0, saldo_akhir8=0.0, saldo_akhir9=0.0, saldo_akhir10=0.0, D_or_K=null, flag=0, flag_last_upd=null, flagDesc=null]
10:46:36,788  INFO DBUtil:237 - Run Query com.mysql.jdbc.JDBC4PreparedStatement@73901437: select sum(debet) as debet, sum(kredit) as kredit from transaksi_detail where kode_perk = '550' and master_id in (select trans_id from transaksi_master where date (tgl_trans) < '2017-04-18')
10:46:36,910  INFO Accounting:66 - Jumlah awal Deb : 21667825 | awal Kre : 11122851
10:46:38,200  INFO DBUtil:282 - Run Query com.mysql.jdbc.JDBC4PreparedStatement@2b20bf2c: select sum(debet) as debet,sum(kredit) as kredit from transaksi_detail where kode_perk = '550' and master_id in (select trans_id from transaksi_master where date(tgl_trans) = '2017-04-18')
10:46:38,594  INFO Accounting:73 - Jumlah tday_Deb : 0.0 | tday_Kre : 0.0
10:46:38,595  INFO Accounting:75 - count_saldo_awal = awal_deb-awal_kre : 10544974(21667825-11122851)
10:46:38,595  INFO Accounting:77 - count_saldo_akhir = count_saldo_awal + tday_deb : 10544974(10544974+0)
10:46:39,508  INFO DBUtil:61 - Run Query com.mysql.jdbc.JDBC4PreparedStatement@2353f67e: update rep_neraca_harian_temp set saldo_akhir1 = 1.0544974E+7 ,saldo_akhir2 = 0.0 ,saldo_akhir3 = 0.0 ,saldo_akhir4 = 1.0544974E+7 ,flag_last_upd = '2017-04-18 10:46:39' ,flag = 1 where kode_perk = '550' and flag = 0 and dtm = '2017-04-18' 
10:46:40,623  INFO DBUtil:197 - Run Query com.mysql.jdbc.JDBC4PreparedStatement@e60e128: select ID_INDUK from rep_neraca_harian_temp where ID_PERK = '3629519' and dtm = '2017-04-18'
10:46:41,455  INFO DBUtil:371 - Run Query com.mysql.jdbc.JDBC4PreparedStatement@2f833eca: select sum(saldo_akhir1) as awal, sum(saldo_akhir2) as debet, sum(saldo_akhir3) as kredit, sum(saldo_akhir4) as akhir from rep_neraca_harian_temp where id_induk = 5 
10:46:41,529  INFO Accounting:90 - Transid 2017041897348308567071| Perkiraan | id_perk3629519
10:55:48,925  INFO DBUtil:164 - Run Query countReportPerkiraan :com.mysql.jdbc.JDBC4PreparedStatement@1bbb60c3: select count(*) as total from rep_neraca_harian_temp where dtm = '2017-04-18'
10:55:50,054  INFO DBUtil:325 - Run Query Perkiraan_by_gord com.mysql.jdbc.JDBC4PreparedStatement@52c05d3b: SELECT KODE_PERK, ID_PERK, TYPE_PERK, LEVEL_PERK,D_OR_K from rep_neraca_harian_temp  WHERE dtm = '2017-04-18' AND G_OR_D='D' AND flag ='0'
10:55:50,171  INFO Accounting:36 - Jumlah List Perkiraan_by_gord : 14
10:55:50,171  INFO Accounting:39 - List Ke 1
10:55:50,172  INFO Accounting:41 - trxid : 2017041803712952975286
10:55:50,931  INFO DBUtil:237 - Run Query trans_detail_saldo_awal : com.mysql.jdbc.JDBC4PreparedStatement@781f6226: select sum(debet) as debet, sum(kredit) as kredit from transaksi_detail where kode_perk = '551' and master_id in (select trans_id from transaksi_master where date (tgl_trans) < '2017-04-18')
10:55:52,246  INFO DBUtil:282 - Run Query trans_detail_dork : com.mysql.jdbc.JDBC4PreparedStatement@2b20bf2c: select sum(debet) as debet,sum(kredit) as kredit from transaksi_detail where kode_perk = '551' and master_id in (select trans_id from transaksi_master where date(tgl_trans) = '2017-04-18')
10:55:52,611  INFO Accounting:74 - Jumlah awal Deb : 6207500 | awal Kre : 4505000
10:55:52,611  INFO Accounting:75 - Jumlah tday_Deb : 0.0 | tday_Kre : 0.0
10:55:52,611  INFO Accounting:77 - count_saldo_awal = awal_deb-awal_kre : 1702500(6207500-4505000)
10:55:52,611  INFO Accounting:79 - count_saldo_akhir = count_saldo_awal + tday_deb : 1702500(1702500+0)
10:55:53,426  INFO DBUtil:61 - Run Query Update_temp_neraca_harian : 0
10:55:54,160  INFO DBUtil:197 - Run Query Perkiraan_idInduk_by_kdPerk : com.mysql.jdbc.JDBC4PreparedStatement@2e958bb8: select ID_INDUK from rep_neraca_harian_temp where ID_PERK = '3643781' and dtm = '2017-04-18'
10:55:55,056  INFO DBUtil:371 - Run Query com.mysql.jdbc.JDBC4PreparedStatement@518f5824: select sum(saldo_akhir1) as awal, sum(saldo_akhir2) as debet, sum(saldo_akhir3) as kredit, sum(saldo_akhir4) as akhir from rep_neraca_harian_temp where id_induk = 5 
10:55:56,190  INFO DBUtil:110 - Run Query Update_temp_neraca_harian_by_id_perk : com.mysql.jdbc.JDBC4PreparedStatement@2345f0e3: update rep_neraca_harian_temp set saldo_akhir1 = 8.569618287E+8 ,saldo_akhir2 = 0.0 ,saldo_akhir3 = 0.0 ,saldo_akhir4 = 8.569618287E+8 ,flag_last_upd = '2017-04-18 10:55:56' ,flag = 0 where ID_PERK = 3643781 and dtm = '2017-04-18' 
10:55:56,256  INFO Accounting:44 - End Of List ke 2
10:55:56,257  INFO Accounting:39 - List Ke 2
10:55:56,257  INFO Accounting:41 - trxid : 2017041803712952975286
10:55:58,436  INFO DBUtil:237 - Run Query trans_detail_saldo_awal : com.mysql.jdbc.JDBC4PreparedStatement@398825b3: select sum(debet) as debet, sum(kredit) as kredit from transaksi_detail where kode_perk = '552' and master_id in (select trans_id from transaksi_master where date (tgl_trans) < '2017-04-18')
10:56:01,408  INFO DBUtil:282 - Run Query trans_detail_dork : com.mysql.jdbc.JDBC4PreparedStatement@1f8b81e3: select sum(debet) as debet,sum(kredit) as kredit from transaksi_detail where kode_perk = '552' and master_id in (select trans_id from transaksi_master where date(tgl_trans) = '2017-04-18')
10:56:01,764  INFO Accounting:74 - Jumlah awal Deb : 59166000 | awal Kre : 30000000
10:56:01,764  INFO Accounting:75 - Jumlah tday_Deb : 0.0 | tday_Kre : 0.0
10:56:01,764  INFO Accounting:77 - count_saldo_awal = awal_deb-awal_kre : 29166000(59166000-30000000)
10:56:01,764  INFO Accounting:79 - count_saldo_akhir = count_saldo_awal + tday_deb : 29166000(29166000+0)
10:56:16,754  INFO DBUtil:164 - Run Query countReportPerkiraan :com.mysql.jdbc.JDBC4PreparedStatement@9c0ec97: select count(*) as total from rep_neraca_harian_temp where dtm = '2017-04-18'
10:56:18,183  INFO DBUtil:325 - Run Query Perkiraan_by_gord com.mysql.jdbc.JDBC4PreparedStatement@b6e39f: SELECT KODE_PERK, ID_PERK, TYPE_PERK, LEVEL_PERK,D_OR_K from rep_neraca_harian_temp  WHERE dtm = '2017-04-18' AND G_OR_D='D' AND flag ='0'
10:56:18,287  INFO Accounting:36 - Jumlah List Perkiraan_by_gord : 14
10:56:18,287  INFO Accounting:39 - List Ke 1
10:56:18,288  INFO Accounting:41 - trxid : 2017041812327935980111
10:56:20,044  INFO DBUtil:237 - Run Query trans_detail_saldo_awal : com.mysql.jdbc.JDBC4PreparedStatement@7e78fc6: select sum(debet) as debet, sum(kredit) as kredit from transaksi_detail where kode_perk = '551' and master_id in (select trans_id from transaksi_master where date (tgl_trans) < '2017-04-18')
10:56:21,713  INFO DBUtil:282 - Run Query trans_detail_dork : com.mysql.jdbc.JDBC4PreparedStatement@214a55f2: select sum(debet) as debet,sum(kredit) as kredit from transaksi_detail where kode_perk = '551' and master_id in (select trans_id from transaksi_master where date(tgl_trans) = '2017-04-18')
10:56:21,776  INFO Accounting:75 - Jumlah awal Deb : 6207500 | awal Kre : 4505000
10:56:21,776  INFO Accounting:76 - Jumlah tday_Deb : 0.0 | tday_Kre : 0.0
10:56:21,776  INFO Accounting:78 - count_saldo_awal = awal_deb-awal_kre : 1702500(6207500-4505000)
10:56:21,776  INFO Accounting:80 - count_saldo_akhir = count_saldo_awal + tday_deb : 1702500(1702500+0)
10:56:23,114  INFO DBUtil:61 - Run Query Update_temp_neraca_harian : 0
10:56:23,983  INFO DBUtil:197 - Run Query Perkiraan_idInduk_by_kdPerk : com.mysql.jdbc.JDBC4PreparedStatement@ed42d08: select ID_INDUK from rep_neraca_harian_temp where ID_PERK = '3643781' and dtm = '2017-04-18'
10:56:24,817  INFO DBUtil:371 - Run Query com.mysql.jdbc.JDBC4PreparedStatement@144aa0ce: select sum(saldo_akhir1) as awal, sum(saldo_akhir2) as debet, sum(saldo_akhir3) as kredit, sum(saldo_akhir4) as akhir from rep_neraca_harian_temp where id_induk = 5 
10:56:25,766  INFO DBUtil:110 - Run Query Update_temp_neraca_harian_by_id_perk : com.mysql.jdbc.JDBC4PreparedStatement@6860991f: update rep_neraca_harian_temp set saldo_akhir1 = 8.569618287E+8 ,saldo_akhir2 = 0.0 ,saldo_akhir3 = 0.0 ,saldo_akhir4 = 8.569618287E+8 ,flag_last_upd = '2017-04-18 10:56:25' ,flag = 0 where ID_PERK = 3643781 and dtm = '2017-04-18' 
10:56:25,877  INFO Accounting:43 - End Of List ke 1
10:56:25,879  INFO Accounting:39 - List Ke 2
10:56:25,879  INFO Accounting:41 - trxid : 2017041812327935980111
10:56:26,624  INFO DBUtil:237 - Run Query trans_detail_saldo_awal : com.mysql.jdbc.JDBC4PreparedStatement@309cbd4b: select sum(debet) as debet, sum(kredit) as kredit from transaksi_detail where kode_perk = '552' and master_id in (select trans_id from transaksi_master where date (tgl_trans) < '2017-04-18')
10:56:27,364  INFO DBUtil:282 - Run Query trans_detail_dork : com.mysql.jdbc.JDBC4PreparedStatement@fcfa52: select sum(debet) as debet,sum(kredit) as kredit from transaksi_detail where kode_perk = '552' and master_id in (select trans_id from transaksi_master where date(tgl_trans) = '2017-04-18')
10:56:27,445  INFO Accounting:75 - Jumlah awal Deb : 59166000 | awal Kre : 30000000
10:56:27,445  INFO Accounting:76 - Jumlah tday_Deb : 0.0 | tday_Kre : 0.0
10:56:27,445  INFO Accounting:78 - count_saldo_awal = awal_deb-awal_kre : 29166000(59166000-30000000)
10:56:27,445  INFO Accounting:80 - count_saldo_akhir = count_saldo_awal + tday_deb : 29166000(29166000+0)
10:56:28,215  INFO DBUtil:61 - Run Query Update_temp_neraca_harian : 0
10:56:36,893  INFO DBUtil:197 - Run Query Perkiraan_idInduk_by_kdPerk : com.mysql.jdbc.JDBC4PreparedStatement@571a75a2: select ID_INDUK from rep_neraca_harian_temp where ID_PERK = '3929574' and dtm = '2017-04-18'
